生成启动时间为 2014/11/23 22:31:48。
     1>项目“C:\Users\AlexiaChen\Desktop\connect_five\connect_five\connect_five.vcxproj”在节点 2 上(rebuild 个目标)。
     1>_PrepareForClean:
         正在删除文件“Debug\connect_five.lastbuildstate”。
       InitializeBuildStatus:
         正在创建“Debug\connect_five.unsuccessfulbuild”，因为已指定“AlwaysCreate”。
       ClCompile:
         D:\AlexiaChen\software\VS2010\VC\bin\CL.exe /c /IC:\Users\AlexiaChen\Desktop\connect_five\connect_five\..\ege_lib\include /ZI /nologo /W3 /WX- /Od /Oy- /D WIN32 /D _DEBUG /D _CONSOLE /D _UNICODE /D UNICODE /Gm /EHsc /RTC1 /MDd /GS /fp:precise /Zc:wchar_t /Zc:forScope /Fo"Debug\\" /Fd"Debug\vc100.pdb" /Gd /TP /analyze- /errorReport:prompt draw_chessboard_ui.cpp main.cpp welcome_ui.cpp
         welcome_ui.cpp
         main.cpp
         draw_chessboard_ui.cpp
         正在生成代码...
       ManifestResourceCompile:
         C:\Program Files\Microsoft SDKs\Windows\v7.0A\bin\rc.exe /nologo /fo"Debug\connect_five.exe.embed.manifest.res" Debug\connect_five_manifest.rc 
       Link:
         D:\AlexiaChen\software\VS2010\VC\bin\link.exe /ERRORREPORT:PROMPT /OUT:"C:\Users\AlexiaChen\Desktop\connect_five\connect_five\Debug\connect_five.exe" /INCREMENTAL /NOLOGO /LIBPATH:C:\Users\AlexiaChen\Desktop\connect_five\connect_five\..\ege_lib\lib\vc2010 graphics10.lib kernel32.lib user32.lib gdi32.lib winspool.lib comdlg32.lib advapi32.lib shell32.lib ole32.lib oleaut32.lib uuid.lib odbc32.lib odbccp32.lib /MANIFEST /ManifestFile:"Debug\connect_five.exe.intermediate.manifest" /MANIFESTUAC:"level='asInvoker' uiAccess='false'" /DEBUG /PDB:"C:\Users\AlexiaChen\Desktop\connect_five\connect_five\Debug\connect_five.pdb" /SUBSYSTEM:CONSOLE /TLBID:1 /DYNAMICBASE /NXCOMPAT /IMPLIB:"C:\Users\AlexiaChen\Desktop\connect_five\connect_five\Debug\connect_five.lib" /MACHINE:X86 Debug\connect_five.exe.embed.manifest.res
         Debug\draw_chessboard_ui.obj
         Debug\main.obj
         Debug\welcome_ui.obj
       Manifest:
         正在删除文件“Debug\connect_five.exe.embed.manifest”。
         C:\Program Files\Microsoft SDKs\Windows\v7.0A\bin\mt.exe /nologo /verbose /out:"Debug\connect_five.exe.embed.manifest" /manifest Debug\connect_five.exe.intermediate.manifest
         C:\Program Files\Microsoft SDKs\Windows\v7.0A\bin\rc.exe /nologo /fo"Debug\connect_five.exe.embed.manifest.res" Debug\connect_five_manifest.rc 
       LinkEmbedManifest:
         D:\AlexiaChen\software\VS2010\VC\bin\link.exe /ERRORREPORT:PROMPT /OUT:"C:\Users\AlexiaChen\Desktop\connect_five\connect_five\Debug\connect_five.exe" /INCREMENTAL /NOLOGO /LIBPATH:C:\Users\AlexiaChen\Desktop\connect_five\connect_five\..\ege_lib\lib\vc2010 graphics10.lib kernel32.lib user32.lib gdi32.lib winspool.lib comdlg32.lib advapi32.lib shell32.lib ole32.lib oleaut32.lib uuid.lib odbc32.lib odbccp32.lib /MANIFEST /ManifestFile:"Debug\connect_five.exe.intermediate.manifest" /MANIFESTUAC:"level='asInvoker' uiAccess='false'" /DEBUG /PDB:"C:\Users\AlexiaChen\Desktop\connect_five\connect_five\Debug\connect_five.pdb" /SUBSYSTEM:CONSOLE /TLBID:1 /DYNAMICBASE /NXCOMPAT /IMPLIB:"C:\Users\AlexiaChen\Desktop\connect_five\connect_five\Debug\connect_five.lib" /MACHINE:X86 Debug\connect_five.exe.embed.manifest.res
         Debug\draw_chessboard_ui.obj
         Debug\main.obj
         Debug\welcome_ui.obj
         connect_five.vcxproj -> C:\Users\AlexiaChen\Desktop\connect_five\connect_five\Debug\connect_five.exe
       FinalizeBuildStatus:
         正在删除文件“Debug\connect_five.unsuccessfulbuild”。
         正在对“Debug\connect_five.lastbuildstate”执行 Touch 任务。
     1>已完成生成项目“C:\Users\AlexiaChen\Desktop\connect_five\connect_five\connect_five.vcxproj”(rebuild 个目标)的操作。

生成成功。

已用时间 00:00:06.42
