C:\Users\AlexiaChen\Desktop\connect_five\connect_five\Debug\cl.command.1.tlog
C:\Users\AlexiaChen\Desktop\connect_five\connect_five\Debug\CL.read.1.tlog
C:\Users\AlexiaChen\Desktop\connect_five\connect_five\Debug\CL.write.1.tlog
C:\USERS\ALEXIACHEN\DESKTOP\CONNECT_FIVE\CONNECT_FIVE\DEBUG\CONNECT_FIVE.EXE
C:\USERS\ALEXIACHEN\DESKTOP\CONNECT_FIVE\CONNECT_FIVE\DEBUG\CONNECT_FIVE.EXE.EMBED.MANIFEST
C:\USERS\ALEXIACHEN\DESKTOP\CONNECT_FIVE\CONNECT_FIVE\DEBUG\CONNECT_FIVE.EXE.EMBED.MANIFEST.RES
C:\USERS\ALEXIACHEN\DESKTOP\CONNECT_FIVE\CONNECT_FIVE\DEBUG\CONNECT_FIVE.EXE.INTERMEDIATE.MANIFEST
C:\USERS\ALEXIACHEN\DESKTOP\CONNECT_FIVE\CONNECT_FIVE\DEBUG\CONNECT_FIVE.ILK
C:\USERS\ALEXIACHEN\DESKTOP\CONNECT_FIVE\CONNECT_FIVE\DEBUG\CONNECT_FIVE.PDB
C:\Users\AlexiaChen\Desktop\connect_five\connect_five\Debug\connect_five_manifest.rc
C:\USERS\ALEXIACHEN\DESKTOP\CONNECT_FIVE\CONNECT_FIVE\DEBUG\DRAW_CHESSBOARD_UI.OBJ
C:\Users\AlexiaChen\Desktop\connect_five\connect_five\Debug\link.command.1.tlog
C:\Users\AlexiaChen\Desktop\connect_five\connect_five\Debug\link.read.1.tlog
C:\Users\AlexiaChen\Desktop\connect_five\connect_five\Debug\link.write.1.tlog
C:\Users\AlexiaChen\Desktop\connect_five\connect_five\Debug\link-cvtres.read.1.tlog
C:\Users\AlexiaChen\Desktop\connect_five\connect_five\Debug\link-cvtres.write.1.tlog
C:\USERS\ALEXIACHEN\DESKTOP\CONNECT_FIVE\CONNECT_FIVE\DEBUG\MAIN.OBJ
C:\Users\AlexiaChen\Desktop\connect_five\connect_five\Debug\mt.command.1.tlog
C:\Users\AlexiaChen\Desktop\connect_five\connect_five\Debug\mt.read.1.tlog
C:\Users\AlexiaChen\Desktop\connect_five\connect_five\Debug\mt.write.1.tlog
C:\Users\AlexiaChen\Desktop\connect_five\connect_five\Debug\rc.command.1.tlog
C:\Users\AlexiaChen\Desktop\connect_five\connect_five\Debug\rc.read.1.tlog
C:\Users\AlexiaChen\Desktop\connect_five\connect_five\Debug\rc.write.1.tlog
C:\Users\AlexiaChen\Desktop\connect_five\connect_five\Debug\vc100.idb
C:\USERS\ALEXIACHEN\DESKTOP\CONNECT_FIVE\CONNECT_FIVE\DEBUG\VC100.PDB
C:\USERS\ALEXIACHEN\DESKTOP\CONNECT_FIVE\CONNECT_FIVE\DEBUG\WELCOME_UI.OBJ
